{"/Users/linlin/Hack-Reactor/Reviews/database/index.js": {"path":"/Users/linlin/Hack-Reactor/Reviews/database/index.js","statementMap":{"0":{"start":{"line":1,"column":17},"end":{"line":1,"column":30}},"1":{"start":{"line":2,"column":0},"end":{"line":2,"column":27}},"2":{"start":{"line":5,"column":11},"end":{"line":10,"column":4}},"3":{"start":{"line":12,"column":2},"end":{"line":15,"column":4}},"4":{"start":{"line":13,"column":4},"end":{"line":13,"column":57}},"5":{"start":{"line":14,"column":4},"end":{"line":14,"column":20}},"6":{"start":{"line":17,"column":2},"end":{"line":19,"column":4}},"7":{"start":{"line":18,"column":4},"end":{"line":18,"column":59}},"8":{"start":{"line":21,"column":0},"end":{"line":21,"column":20}}},"fnMap":{"0":{"name":"(anonymous_0)","decl":{"start":{"line":12,"column":17},"end":{"line":12,"column":18}},"loc":{"start":{"line":12,"column":34},"end":{"line":15,"column":3}},"line":12},"1":{"name":"(anonymous_1)","decl":{"start":{"line":17,"column":19},"end":{"line":17,"column":20}},"loc":{"start":{"line":17,"column":29},"end":{"line":19,"column":3}},"line":17}},"branchMap":{},"s":{"0":1,"1":1,"2":1,"3":1,"4":0,"5":0,"6":1,"7":3,"8":1},"f":{"0":0,"1":3},"b":{},"_coverageSchema":"1a1c01bbd47fc00a2c39e90264f33305004495a9","hash":"32a1022e6ad841cb290b47e864e747a1d07dd6e0"}
,"/Users/linlin/Hack-Reactor/Reviews/database/queries/deleteReview.js": {"path":"/Users/linlin/Hack-Reactor/Reviews/database/queries/deleteReview.js","statementMap":{"0":{"start":{"line":1,"column":11},"end":{"line":1,"column":33}},"1":{"start":{"line":2,"column":16},"end":{"line":2,"column":35}},"2":{"start":{"line":4,"column":21},"end":{"line":20,"column":1}},"3":{"start":{"line":6,"column":16},"end":{"line":10,"column":3}},"4":{"start":{"line":12,"column":2},"end":{"line":18,"column":4}},"5":{"start":{"line":14,"column":4},"end":{"line":14,"column":22}},"6":{"start":{"line":17,"column":4},"end":{"line":17,"column":55}},"7":{"start":{"line":22,"column":0},"end":{"line":22,"column":30}}},"fnMap":{"0":{"name":"(anonymous_0)","decl":{"start":{"line":4,"column":21},"end":{"line":4,"column":22}},"loc":{"start":{"line":4,"column":47},"end":{"line":20,"column":1}},"line":4},"1":{"name":"(anonymous_1)","decl":{"start":{"line":13,"column":8},"end":{"line":13,"column":9}},"loc":{"start":{"line":13,"column":20},"end":{"line":15,"column":3}},"line":13},"2":{"name":"(anonymous_2)","decl":{"start":{"line":16,"column":9},"end":{"line":16,"column":10}},"loc":{"start":{"line":16,"column":18},"end":{"line":18,"column":3}},"line":16}},"branchMap":{},"s":{"0":1,"1":1,"2":1,"3":0,"4":0,"5":0,"6":0,"7":1},"f":{"0":0,"1":0,"2":0},"b":{},"_coverageSchema":"1a1c01bbd47fc00a2c39e90264f33305004495a9","hash":"9c99bd66175ee4c62ad1af4da2404a645e1be8c2"}
,"/Users/linlin/Hack-Reactor/Reviews/database/queries/getMetadata.js": {"path":"/Users/linlin/Hack-Reactor/Reviews/database/queries/getMetadata.js","statementMap":{"0":{"start":{"line":1,"column":11},"end":{"line":1,"column":33}},"1":{"start":{"line":2,"column":16},"end":{"line":2,"column":35}},"2":{"start":{"line":4,"column":20},"end":{"line":59,"column":1}},"3":{"start":{"line":6,"column":17},"end":{"line":49,"column":3}},"4":{"start":{"line":51,"column":2},"end":{"line":57,"column":4}},"5":{"start":{"line":53,"column":4},"end":{"line":53,"column":43}},"6":{"start":{"line":56,"column":4},"end":{"line":56,"column":60}},"7":{"start":{"line":61,"column":0},"end":{"line":61,"column":29}}},"fnMap":{"0":{"name":"(anonymous_0)","decl":{"start":{"line":4,"column":20},"end":{"line":4,"column":21}},"loc":{"start":{"line":4,"column":47},"end":{"line":59,"column":1}},"line":4},"1":{"name":"(anonymous_1)","decl":{"start":{"line":52,"column":8},"end":{"line":52,"column":9}},"loc":{"start":{"line":52,"column":20},"end":{"line":54,"column":3}},"line":52},"2":{"name":"(anonymous_2)","decl":{"start":{"line":55,"column":9},"end":{"line":55,"column":10}},"loc":{"start":{"line":55,"column":18},"end":{"line":57,"column":3}},"line":55}},"branchMap":{},"s":{"0":1,"1":1,"2":1,"3":1,"4":1,"5":1,"6":0,"7":1},"f":{"0":1,"1":1,"2":0},"b":{},"_coverageSchema":"1a1c01bbd47fc00a2c39e90264f33305004495a9","hash":"b21453f53599de2f51cda1b8dc754220c7148a94"}
,"/Users/linlin/Hack-Reactor/Reviews/database/queries/getReviews.js": {"path":"/Users/linlin/Hack-Reactor/Reviews/database/queries/getReviews.js","statementMap":{"0":{"start":{"line":1,"column":11},"end":{"line":1,"column":33}},"1":{"start":{"line":2,"column":16},"end":{"line":2,"column":35}},"2":{"start":{"line":4,"column":19},"end":{"line":48,"column":1}},"3":{"start":{"line":6,"column":2},"end":{"line":6,"column":54}},"4":{"start":{"line":6,"column":26},"end":{"line":6,"column":54}},"5":{"start":{"line":7,"column":2},"end":{"line":7,"column":45}},"6":{"start":{"line":7,"column":25},"end":{"line":7,"column":45}},"7":{"start":{"line":8,"column":2},"end":{"line":8,"column":68}},"8":{"start":{"line":8,"column":27},"end":{"line":8,"column":68}},"9":{"start":{"line":10,"column":16},"end":{"line":40,"column":3}},"10":{"start":{"line":41,"column":2},"end":{"line":47,"column":4}},"11":{"start":{"line":43,"column":4},"end":{"line":43,"column":43}},"12":{"start":{"line":46,"column":4},"end":{"line":46,"column":59}},"13":{"start":{"line":50,"column":0},"end":{"line":50,"column":28}}},"fnMap":{"0":{"name":"(anonymous_0)","decl":{"start":{"line":4,"column":19},"end":{"line":4,"column":20}},"loc":{"start":{"line":4,"column":63},"end":{"line":48,"column":1}},"line":4},"1":{"name":"(anonymous_1)","decl":{"start":{"line":42,"column":8},"end":{"line":42,"column":9}},"loc":{"start":{"line":42,"column":20},"end":{"line":44,"column":3}},"line":42},"2":{"name":"(anonymous_2)","decl":{"start":{"line":45,"column":9},"end":{"line":45,"column":10}},"loc":{"start":{"line":45,"column":18},"end":{"line":47,"column":3}},"line":45}},"branchMap":{"0":{"loc":{"start":{"line":6,"column":2},"end":{"line":6,"column":54}},"type":"if","locations":[{"start":{"line":6,"column":2},"end":{"line":6,"column":54}},{"start":{},"end":{}}],"line":6},"1":{"loc":{"start":{"line":7,"column":2},"end":{"line":7,"column":45}},"type":"if","locations":[{"start":{"line":7,"column":2},"end":{"line":7,"column":45}},{"start":{},"end":{}}],"line":7},"2":{"loc":{"start":{"line":8,"column":2},"end":{"line":8,"column":68}},"type":"if","locations":[{"start":{"line":8,"column":2},"end":{"line":8,"column":68}},{"start":{},"end":{}}],"line":8}},"s":{"0":1,"1":1,"2":1,"3":1,"4":0,"5":1,"6":1,"7":1,"8":0,"9":1,"10":1,"11":1,"12":0,"13":1},"f":{"0":1,"1":1,"2":0},"b":{"0":[0,1],"1":[1,0],"2":[0,1]},"_coverageSchema":"1a1c01bbd47fc00a2c39e90264f33305004495a9","hash":"5eb89fcc93c31dd392ca9e04a496d721abf7bec1"}
,"/Users/linlin/Hack-Reactor/Reviews/database/queries/markHelpful.js": {"path":"/Users/linlin/Hack-Reactor/Reviews/database/queries/markHelpful.js","statementMap":{"0":{"start":{"line":1,"column":11},"end":{"line":1,"column":33}},"1":{"start":{"line":2,"column":16},"end":{"line":2,"column":35}},"2":{"start":{"line":4,"column":20},"end":{"line":20,"column":1}},"3":{"start":{"line":6,"column":18},"end":{"line":11,"column":5}},"4":{"start":{"line":12,"column":4},"end":{"line":18,"column":6}},"5":{"start":{"line":14,"column":6},"end":{"line":14,"column":27}},"6":{"start":{"line":17,"column":6},"end":{"line":17,"column":63}},"7":{"start":{"line":22,"column":0},"end":{"line":22,"column":29}}},"fnMap":{"0":{"name":"(anonymous_0)","decl":{"start":{"line":4,"column":20},"end":{"line":4,"column":21}},"loc":{"start":{"line":4,"column":46},"end":{"line":20,"column":1}},"line":4},"1":{"name":"(anonymous_1)","decl":{"start":{"line":13,"column":10},"end":{"line":13,"column":11}},"loc":{"start":{"line":13,"column":22},"end":{"line":15,"column":5}},"line":13},"2":{"name":"(anonymous_2)","decl":{"start":{"line":16,"column":11},"end":{"line":16,"column":12}},"loc":{"start":{"line":16,"column":20},"end":{"line":18,"column":5}},"line":16}},"branchMap":{},"s":{"0":1,"1":1,"2":1,"3":1,"4":1,"5":1,"6":0,"7":1},"f":{"0":1,"1":1,"2":0},"b":{},"_coverageSchema":"1a1c01bbd47fc00a2c39e90264f33305004495a9","hash":"3154b9f507b427df9f9159cc947053049c529251"}
,"/Users/linlin/Hack-Reactor/Reviews/database/queries/postReview.js": {"path":"/Users/linlin/Hack-Reactor/Reviews/database/queries/postReview.js","statementMap":{"0":{"start":{"line":1,"column":11},"end":{"line":1,"column":33}},"1":{"start":{"line":2,"column":16},"end":{"line":2,"column":35}},"2":{"start":{"line":4,"column":19},"end":{"line":56,"column":1}},"3":{"start":{"line":6,"column":14},"end":{"line":10,"column":3}},"4":{"start":{"line":12,"column":2},"end":{"line":54,"column":5}},"5":{"start":{"line":14,"column":20},"end":{"line":14,"column":46}},"6":{"start":{"line":15,"column":4},"end":{"line":15,"column":39}},"7":{"start":{"line":16,"column":26},"end":{"line":16,"column":73}},"8":{"start":{"line":17,"column":4},"end":{"line":29,"column":6}},"9":{"start":{"line":18,"column":19},"end":{"line":21,"column":7}},"10":{"start":{"line":22,"column":6},"end":{"line":28,"column":8}},"11":{"start":{"line":24,"column":8},"end":{"line":24,"column":72}},"12":{"start":{"line":27,"column":8},"end":{"line":27,"column":80}},"13":{"start":{"line":31,"column":4},"end":{"line":31,"column":21}},"14":{"start":{"line":34,"column":5},"end":{"line":49,"column":6}},"15":{"start":{"line":35,"column":19},"end":{"line":35,"column":42}},"16":{"start":{"line":36,"column":6},"end":{"line":48,"column":8}},"17":{"start":{"line":37,"column":20},"end":{"line":40,"column":9}},"18":{"start":{"line":41,"column":8},"end":{"line":47,"column":10}},"19":{"start":{"line":43,"column":10},"end":{"line":43,"column":64}},"20":{"start":{"line":46,"column":10},"end":{"line":46,"column":73}},"21":{"start":{"line":50,"column":5},"end":{"line":50,"column":12}},"22":{"start":{"line":53,"column":4},"end":{"line":53,"column":61}},"23":{"start":{"line":58,"column":0},"end":{"line":58,"column":28}}},"fnMap":{"0":{"name":"(anonymous_0)","decl":{"start":{"line":4,"column":19},"end":{"line":4,"column":20}},"loc":{"start":{"line":4,"column":34},"end":{"line":56,"column":1}},"line":4},"1":{"name":"(anonymous_1)","decl":{"start":{"line":13,"column":8},"end":{"line":13,"column":9}},"loc":{"start":{"line":13,"column":22},"end":{"line":32,"column":3}},"line":13},"2":{"name":"(anonymous_2)","decl":{"start":{"line":17,"column":28},"end":{"line":17,"column":29}},"loc":{"start":{"line":17,"column":48},"end":{"line":29,"column":5}},"line":17},"3":{"name":"(anonymous_3)","decl":{"start":{"line":23,"column":12},"end":{"line":23,"column":13}},"loc":{"start":{"line":23,"column":18},"end":{"line":25,"column":7}},"line":23},"4":{"name":"(anonymous_4)","decl":{"start":{"line":26,"column":13},"end":{"line":26,"column":14}},"loc":{"start":{"line":26,"column":22},"end":{"line":28,"column":7}},"line":26},"5":{"name":"(anonymous_5)","decl":{"start":{"line":33,"column":8},"end":{"line":33,"column":9}},"loc":{"start":{"line":33,"column":23},"end":{"line":51,"column":3}},"line":33},"6":{"name":"(anonymous_6)","decl":{"start":{"line":36,"column":21},"end":{"line":36,"column":22}},"loc":{"start":{"line":36,"column":32},"end":{"line":48,"column":7}},"line":36},"7":{"name":"(anonymous_7)","decl":{"start":{"line":42,"column":14},"end":{"line":42,"column":15}},"loc":{"start":{"line":42,"column":20},"end":{"line":44,"column":9}},"line":42},"8":{"name":"(anonymous_8)","decl":{"start":{"line":45,"column":15},"end":{"line":45,"column":16}},"loc":{"start":{"line":45,"column":24},"end":{"line":47,"column":9}},"line":45},"9":{"name":"(anonymous_9)","decl":{"start":{"line":52,"column":9},"end":{"line":52,"column":10}},"loc":{"start":{"line":52,"column":18},"end":{"line":54,"column":3}},"line":52}},"branchMap":{"0":{"loc":{"start":{"line":34,"column":5},"end":{"line":49,"column":6}},"type":"if","locations":[{"start":{"line":34,"column":5},"end":{"line":49,"column":6}},{"start":{},"end":{}}],"line":34}},"s":{"0":1,"1":1,"2":1,"3":1,"4":1,"5":1,"6":1,"7":1,"8":1,"9":4,"10":4,"11":1,"12":0,"13":1,"14":1,"15":0,"16":0,"17":0,"18":0,"19":0,"20":0,"21":1,"22":0,"23":1},"f":{"0":1,"1":1,"2":4,"3":1,"4":0,"5":1,"6":0,"7":0,"8":0,"9":0},"b":{"0":[0,1]},"_coverageSchema":"1a1c01bbd47fc00a2c39e90264f33305004495a9","hash":"8056b2544bd52bbea59dfb54823bee4e9e379e7b"}
,"/Users/linlin/Hack-Reactor/Reviews/database/queries/reportReview.js": {"path":"/Users/linlin/Hack-Reactor/Reviews/database/queries/reportReview.js","statementMap":{"0":{"start":{"line":1,"column":11},"end":{"line":1,"column":33}},"1":{"start":{"line":2,"column":16},"end":{"line":2,"column":35}},"2":{"start":{"line":4,"column":21},"end":{"line":21,"column":1}},"3":{"start":{"line":6,"column":16},"end":{"line":11,"column":3}},"4":{"start":{"line":13,"column":2},"end":{"line":19,"column":4}},"5":{"start":{"line":15,"column":4},"end":{"line":15,"column":25}},"6":{"start":{"line":18,"column":4},"end":{"line":18,"column":55}},"7":{"start":{"line":23,"column":0},"end":{"line":23,"column":29}}},"fnMap":{"0":{"name":"(anonymous_0)","decl":{"start":{"line":4,"column":21},"end":{"line":4,"column":22}},"loc":{"start":{"line":4,"column":47},"end":{"line":21,"column":1}},"line":4},"1":{"name":"(anonymous_1)","decl":{"start":{"line":14,"column":8},"end":{"line":14,"column":9}},"loc":{"start":{"line":14,"column":20},"end":{"line":16,"column":3}},"line":14},"2":{"name":"(anonymous_2)","decl":{"start":{"line":17,"column":9},"end":{"line":17,"column":10}},"loc":{"start":{"line":17,"column":18},"end":{"line":19,"column":3}},"line":17}},"branchMap":{},"s":{"0":1,"1":1,"2":1,"3":0,"4":0,"5":0,"6":0,"7":1},"f":{"0":0,"1":0,"2":0},"b":{},"_coverageSchema":"1a1c01bbd47fc00a2c39e90264f33305004495a9","hash":"abb4830c99528918bd438c5e22c700c667f3acfd"}
,"/Users/linlin/Hack-Reactor/Reviews/database/queries/searchKeyword.js": {"path":"/Users/linlin/Hack-Reactor/Reviews/database/queries/searchKeyword.js","statementMap":{"0":{"start":{"line":1,"column":11},"end":{"line":1,"column":33}},"1":{"start":{"line":2,"column":16},"end":{"line":2,"column":35}},"2":{"start":{"line":4,"column":22},"end":{"line":22,"column":1}},"3":{"start":{"line":6,"column":14},"end":{"line":12,"column":3}},"4":{"start":{"line":14,"column":2},"end":{"line":20,"column":4}},"5":{"start":{"line":16,"column":4},"end":{"line":16,"column":23}},"6":{"start":{"line":19,"column":4},"end":{"line":19,"column":60}},"7":{"start":{"line":24,"column":0},"end":{"line":24,"column":31}}},"fnMap":{"0":{"name":"(anonymous_0)","decl":{"start":{"line":4,"column":22},"end":{"line":4,"column":23}},"loc":{"start":{"line":4,"column":56},"end":{"line":22,"column":1}},"line":4},"1":{"name":"(anonymous_1)","decl":{"start":{"line":15,"column":8},"end":{"line":15,"column":9}},"loc":{"start":{"line":15,"column":20},"end":{"line":17,"column":3}},"line":15},"2":{"name":"(anonymous_2)","decl":{"start":{"line":18,"column":9},"end":{"line":18,"column":10}},"loc":{"start":{"line":18,"column":18},"end":{"line":20,"column":3}},"line":18}},"branchMap":{},"s":{"0":1,"1":1,"2":1,"3":1,"4":1,"5":1,"6":0,"7":1},"f":{"0":1,"1":1,"2":0},"b":{},"_coverageSchema":"1a1c01bbd47fc00a2c39e90264f33305004495a9","hash":"fae86b93c241c2ba63812d5d71b7028d421885c1"}
,"/Users/linlin/Hack-Reactor/Reviews/server/controllers.js": {"path":"/Users/linlin/Hack-Reactor/Reviews/server/controllers.js","statementMap":{"0":{"start":{"line":1,"column":19},"end":{"line":1,"column":63}},"1":{"start":{"line":2,"column":20},"end":{"line":2,"column":65}},"2":{"start":{"line":3,"column":19},"end":{"line":3,"column":63}},"3":{"start":{"line":4,"column":22},"end":{"line":4,"column":69}},"4":{"start":{"line":5,"column":20},"end":{"line":5,"column":65}},"5":{"start":{"line":6,"column":21},"end":{"line":6,"column":67}},"6":{"start":{"line":7,"column":21},"end":{"line":7,"column":67}},"7":{"start":{"line":9,"column":0},"end":{"line":20,"column":2}},"8":{"start":{"line":10,"column":13},"end":{"line":10,"column":22}},"9":{"start":{"line":12,"column":2},"end":{"line":19,"column":4}},"10":{"start":{"line":14,"column":4},"end":{"line":14,"column":25}},"11":{"start":{"line":15,"column":4},"end":{"line":15,"column":35}},"12":{"start":{"line":18,"column":4},"end":{"line":18,"column":49}},"13":{"start":{"line":22,"column":0},"end":{"line":33,"column":1}},"14":{"start":{"line":24,"column":19},"end":{"line":24,"column":40}},"15":{"start":{"line":26,"column":2},"end":{"line":32,"column":4}},"16":{"start":{"line":28,"column":4},"end":{"line":28,"column":35}},"17":{"start":{"line":31,"column":6},"end":{"line":31,"column":52}},"18":{"start":{"line":35,"column":0},"end":{"line":44,"column":1}},"19":{"start":{"line":36,"column":13},"end":{"line":36,"column":22}},"20":{"start":{"line":37,"column":2},"end":{"line":43,"column":4}},"21":{"start":{"line":39,"column":4},"end":{"line":39,"column":54}},"22":{"start":{"line":42,"column":4},"end":{"line":42,"column":49}},"23":{"start":{"line":46,"column":0},"end":{"line":55,"column":1}},"24":{"start":{"line":47,"column":13},"end":{"line":47,"column":22}},"25":{"start":{"line":48,"column":2},"end":{"line":54,"column":4}},"26":{"start":{"line":50,"column":4},"end":{"line":50,"column":35}},"27":{"start":{"line":53,"column":4},"end":{"line":53,"column":53}},"28":{"start":{"line":57,"column":0},"end":{"line":67,"column":1}},"29":{"start":{"line":58,"column":18},"end":{"line":58,"column":37}},"30":{"start":{"line":60,"column":2},"end":{"line":66,"column":4}},"31":{"start":{"line":62,"column":4},"end":{"line":62,"column":35}},"32":{"start":{"line":65,"column":4},"end":{"line":65,"column":58}},"33":{"start":{"line":69,"column":0},"end":{"line":79,"column":1}},"34":{"start":{"line":70,"column":18},"end":{"line":70,"column":37}},"35":{"start":{"line":72,"column":2},"end":{"line":78,"column":4}},"36":{"start":{"line":74,"column":4},"end":{"line":74,"column":66}},"37":{"start":{"line":77,"column":4},"end":{"line":77,"column":51}},"38":{"start":{"line":81,"column":0},"end":{"line":90,"column":1}},"39":{"start":{"line":82,"column":18},"end":{"line":82,"column":37}},"40":{"start":{"line":83,"column":2},"end":{"line":89,"column":4}},"41":{"start":{"line":85,"column":4},"end":{"line":85,"column":55}},"42":{"start":{"line":88,"column":4},"end":{"line":88,"column":51}}},"fnMap":{"0":{"name":"(anonymous_0)","decl":{"start":{"line":9,"column":21},"end":{"line":9,"column":22}},"loc":{"start":{"line":9,"column":40},"end":{"line":20,"column":1}},"line":9},"1":{"name":"(anonymous_1)","decl":{"start":{"line":13,"column":8},"end":{"line":13,"column":9}},"loc":{"start":{"line":13,"column":22},"end":{"line":16,"column":3}},"line":13},"2":{"name":"(anonymous_2)","decl":{"start":{"line":17,"column":9},"end":{"line":17,"column":10}},"loc":{"start":{"line":17,"column":18},"end":{"line":19,"column":3}},"line":17},"3":{"name":"(anonymous_3)","decl":{"start":{"line":22,"column":22},"end":{"line":22,"column":23}},"loc":{"start":{"line":22,"column":41},"end":{"line":33,"column":1}},"line":22},"4":{"name":"(anonymous_4)","decl":{"start":{"line":27,"column":8},"end":{"line":27,"column":9}},"loc":{"start":{"line":27,"column":22},"end":{"line":29,"column":3}},"line":27},"5":{"name":"(anonymous_5)","decl":{"start":{"line":30,"column":9},"end":{"line":30,"column":10}},"loc":{"start":{"line":30,"column":18},"end":{"line":32,"column":3}},"line":30},"6":{"name":"(anonymous_6)","decl":{"start":{"line":35,"column":21},"end":{"line":35,"column":22}},"loc":{"start":{"line":35,"column":40},"end":{"line":44,"column":1}},"line":35},"7":{"name":"(anonymous_7)","decl":{"start":{"line":38,"column":8},"end":{"line":38,"column":9}},"loc":{"start":{"line":38,"column":22},"end":{"line":40,"column":3}},"line":38},"8":{"name":"(anonymous_8)","decl":{"start":{"line":41,"column":9},"end":{"line":41,"column":10}},"loc":{"start":{"line":41,"column":18},"end":{"line":43,"column":3}},"line":41},"9":{"name":"(anonymous_9)","decl":{"start":{"line":46,"column":17},"end":{"line":46,"column":18}},"loc":{"start":{"line":46,"column":36},"end":{"line":55,"column":1}},"line":46},"10":{"name":"(anonymous_10)","decl":{"start":{"line":49,"column":8},"end":{"line":49,"column":9}},"loc":{"start":{"line":49,"column":22},"end":{"line":51,"column":3}},"line":49},"11":{"name":"(anonymous_11)","decl":{"start":{"line":52,"column":9},"end":{"line":52,"column":10}},"loc":{"start":{"line":52,"column":18},"end":{"line":54,"column":3}},"line":52},"12":{"name":"(anonymous_12)","decl":{"start":{"line":57,"column":22},"end":{"line":57,"column":23}},"loc":{"start":{"line":57,"column":41},"end":{"line":67,"column":1}},"line":57},"13":{"name":"(anonymous_13)","decl":{"start":{"line":61,"column":8},"end":{"line":61,"column":9}},"loc":{"start":{"line":61,"column":22},"end":{"line":63,"column":3}},"line":61},"14":{"name":"(anonymous_14)","decl":{"start":{"line":64,"column":9},"end":{"line":64,"column":10}},"loc":{"start":{"line":64,"column":18},"end":{"line":66,"column":3}},"line":64},"15":{"name":"(anonymous_15)","decl":{"start":{"line":69,"column":23},"end":{"line":69,"column":24}},"loc":{"start":{"line":69,"column":42},"end":{"line":79,"column":1}},"line":69},"16":{"name":"(anonymous_16)","decl":{"start":{"line":73,"column":8},"end":{"line":73,"column":9}},"loc":{"start":{"line":73,"column":22},"end":{"line":75,"column":3}},"line":73},"17":{"name":"(anonymous_17)","decl":{"start":{"line":76,"column":9},"end":{"line":76,"column":10}},"loc":{"start":{"line":76,"column":18},"end":{"line":78,"column":3}},"line":76},"18":{"name":"(anonymous_18)","decl":{"start":{"line":81,"column":23},"end":{"line":81,"column":24}},"loc":{"start":{"line":81,"column":42},"end":{"line":90,"column":1}},"line":81},"19":{"name":"(anonymous_19)","decl":{"start":{"line":84,"column":8},"end":{"line":84,"column":9}},"loc":{"start":{"line":84,"column":22},"end":{"line":86,"column":3}},"line":84},"20":{"name":"(anonymous_20)","decl":{"start":{"line":87,"column":9},"end":{"line":87,"column":10}},"loc":{"start":{"line":87,"column":18},"end":{"line":89,"column":3}},"line":87}},"branchMap":{},"s":{"0":1,"1":1,"2":1,"3":1,"4":1,"5":1,"6":1,"7":1,"8":1,"9":1,"10":1,"11":1,"12":0,"13":1,"14":1,"15":1,"16":1,"17":0,"18":1,"19":1,"20":1,"21":1,"22":0,"23":1,"24":1,"25":1,"26":1,"27":0,"28":1,"29":1,"30":1,"31":1,"32":0,"33":1,"34":0,"35":0,"36":0,"37":0,"38":1,"39":0,"40":0,"41":0,"42":0},"f":{"0":1,"1":1,"2":0,"3":1,"4":1,"5":0,"6":1,"7":1,"8":0,"9":1,"10":1,"11":0,"12":1,"13":1,"14":0,"15":0,"16":0,"17":0,"18":0,"19":0,"20":0},"b":{},"_coverageSchema":"1a1c01bbd47fc00a2c39e90264f33305004495a9","hash":"120dc9bd2cf765b8132c2709eec98c8483676826"}
,"/Users/linlin/Hack-Reactor/Reviews/server/index.js": {"path":"/Users/linlin/Hack-Reactor/Reviews/server/index.js","statementMap":{"0":{"start":{"line":1,"column":0},"end":{"line":1,"column":27}},"1":{"start":{"line":2,"column":19},"end":{"line":2,"column":46}},"2":{"start":{"line":4,"column":16},"end":{"line":4,"column":34}},"3":{"start":{"line":5,"column":19},"end":{"line":5,"column":41}},"4":{"start":{"line":6,"column":12},"end":{"line":6,"column":21}},"5":{"start":{"line":7,"column":0},"end":{"line":7,"column":27}},"6":{"start":{"line":8,"column":0},"end":{"line":8,"column":24}},"7":{"start":{"line":10,"column":0},"end":{"line":10,"column":55}},"8":{"start":{"line":12,"column":0},"end":{"line":12,"column":65}},"9":{"start":{"line":14,"column":0},"end":{"line":14,"column":58}},"10":{"start":{"line":16,"column":0},"end":{"line":16,"column":67}},"11":{"start":{"line":18,"column":0},"end":{"line":18,"column":64}},"12":{"start":{"line":20,"column":0},"end":{"line":20,"column":64}},"13":{"start":{"line":22,"column":0},"end":{"line":22,"column":64}},"14":{"start":{"line":24,"column":13},"end":{"line":24,"column":17}},"15":{"start":{"line":26,"column":0},"end":{"line":28,"column":3}},"16":{"start":{"line":27,"column":2},"end":{"line":27,"column":42}},"17":{"start":{"line":30,"column":0},"end":{"line":30,"column":20}}},"fnMap":{"0":{"name":"(anonymous_0)","decl":{"start":{"line":26,"column":17},"end":{"line":26,"column":18}},"loc":{"start":{"line":26,"column":23},"end":{"line":28,"column":1}},"line":26}},"branchMap":{},"s":{"0":1,"1":1,"2":1,"3":1,"4":1,"5":1,"6":1,"7":1,"8":1,"9":1,"10":1,"11":1,"12":1,"13":1,"14":1,"15":1,"16":1,"17":1},"f":{"0":1},"b":{},"_coverageSchema":"1a1c01bbd47fc00a2c39e90264f33305004495a9","hash":"1a517e6315da4e7af4719297bfb542b07b54230b"}
,"/Users/linlin/Hack-Reactor/Reviews/test/add.js": {"path":"/Users/linlin/Hack-Reactor/Reviews/test/add.js","statementMap":{"0":{"start":{"line":2,"column":2},"end":{"line":2,"column":13}},"1":{"start":{"line":4,"column":0},"end":{"line":4,"column":21}}},"fnMap":{"0":{"name":"add","decl":{"start":{"line":1,"column":9},"end":{"line":1,"column":12}},"loc":{"start":{"line":1,"column":19},"end":{"line":3,"column":1}},"line":1}},"branchMap":{},"s":{"0":1,"1":1},"f":{"0":1},"b":{},"_coverageSchema":"1a1c01bbd47fc00a2c39e90264f33305004495a9","hash":"c23b493113dd89cfce13960d732207db0fef6a09"}
}
