TN:
SF:database/index.js
FN:12,(anonymous_0)
FN:17,(anonymous_1)
FNF:2
FNH:1
FNDA:0,(anonymous_0)
FNDA:3,(anonymous_1)
DA:1,1
DA:2,1
DA:5,1
DA:12,1
DA:13,0
DA:14,0
DA:17,1
DA:18,3
DA:21,1
LF:9
LH:7
BRF:0
BRH:0
end_of_record
TN:
SF:database/queries/deleteReview.js
FN:4,(anonymous_0)
FN:13,(anonymous_1)
FN:16,(anonymous_2)
FNF:3
FNH:0
FNDA:0,(anonymous_0)
FNDA:0,(anonymous_1)
FNDA:0,(anonymous_2)
DA:1,1
DA:2,1
DA:4,1
DA:6,0
DA:12,0
DA:14,0
DA:17,0
DA:22,1
LF:8
LH:4
BRF:0
BRH:0
end_of_record
TN:
SF:database/queries/getMetadata.js
FN:4,(anonymous_0)
FN:52,(anonymous_1)
FN:55,(anonymous_2)
FNF:3
FNH:2
FNDA:1,(anonymous_0)
FNDA:1,(anonymous_1)
FNDA:0,(anonymous_2)
DA:1,1
DA:2,1
DA:4,1
DA:6,1
DA:51,1
DA:53,1
DA:56,0
DA:61,1
LF:8
LH:7
BRF:0
BRH:0
end_of_record
TN:
SF:database/queries/getReviews.js
FN:4,(anonymous_0)
FN:42,(anonymous_1)
FN:45,(anonymous_2)
FNF:3
FNH:2
FNDA:1,(anonymous_0)
FNDA:1,(anonymous_1)
FNDA:0,(anonymous_2)
DA:1,1
DA:2,1
DA:4,1
DA:6,1
DA:7,1
DA:8,1
DA:10,1
DA:41,1
DA:43,1
DA:46,0
DA:50,1
LF:11
LH:10
BRDA:6,0,0,0
BRDA:6,0,1,1
BRDA:7,1,0,1
BRDA:7,1,1,0
BRDA:8,2,0,0
BRDA:8,2,1,1
BRF:6
BRH:3
end_of_record
TN:
SF:database/queries/markHelpful.js
FN:4,(anonymous_0)
FN:13,(anonymous_1)
FN:16,(anonymous_2)
FNF:3
FNH:2
FNDA:1,(anonymous_0)
FNDA:1,(anonymous_1)
FNDA:0,(anonymous_2)
DA:1,1
DA:2,1
DA:4,1
DA:6,1
DA:12,1
DA:14,1
DA:17,0
DA:22,1
LF:8
LH:7
BRF:0
BRH:0
end_of_record
TN:
SF:database/queries/postReview.js
FN:4,(anonymous_0)
FN:13,(anonymous_1)
FN:17,(anonymous_2)
FN:23,(anonymous_3)
FN:26,(anonymous_4)
FN:33,(anonymous_5)
FN:36,(anonymous_6)
FN:42,(anonymous_7)
FN:45,(anonymous_8)
FN:52,(anonymous_9)
FNF:10
FNH:5
FNDA:1,(anonymous_0)
FNDA:1,(anonymous_1)
FNDA:4,(anonymous_2)
FNDA:1,(anonymous_3)
FNDA:0,(anonymous_4)
FNDA:1,(anonymous_5)
FNDA:0,(anonymous_6)
FNDA:0,(anonymous_7)
FNDA:0,(anonymous_8)
FNDA:0,(anonymous_9)
DA:1,1
DA:2,1
DA:4,1
DA:6,1
DA:12,1
DA:14,1
DA:15,1
DA:16,1
DA:17,1
DA:18,4
DA:22,4
DA:24,1
DA:27,0
DA:31,1
DA:34,1
DA:35,0
DA:36,0
DA:37,0
DA:41,0
DA:43,0
DA:46,0
DA:50,1
DA:53,0
DA:58,1
LF:24
LH:16
BRDA:34,0,0,0
BRDA:34,0,1,1
BRF:2
BRH:1
end_of_record
TN:
SF:database/queries/reportReview.js
FN:4,(anonymous_0)
FN:14,(anonymous_1)
FN:17,(anonymous_2)
FNF:3
FNH:0
FNDA:0,(anonymous_0)
FNDA:0,(anonymous_1)
FNDA:0,(anonymous_2)
DA:1,1
DA:2,1
DA:4,1
DA:6,0
DA:13,0
DA:15,0
DA:18,0
DA:23,1
LF:8
LH:4
BRF:0
BRH:0
end_of_record
TN:
SF:database/queries/searchKeyword.js
FN:4,(anonymous_0)
FN:15,(anonymous_1)
FN:18,(anonymous_2)
FNF:3
FNH:2
FNDA:1,(anonymous_0)
FNDA:1,(anonymous_1)
FNDA:0,(anonymous_2)
DA:1,1
DA:2,1
DA:4,1
DA:6,1
DA:14,1
DA:16,1
DA:19,0
DA:24,1
LF:8
LH:7
BRF:0
BRH:0
end_of_record
TN:
SF:server/controllers.js
FN:9,(anonymous_0)
FN:13,(anonymous_1)
FN:17,(anonymous_2)
FN:22,(anonymous_3)
FN:27,(anonymous_4)
FN:30,(anonymous_5)
FN:35,(anonymous_6)
FN:38,(anonymous_7)
FN:41,(anonymous_8)
FN:46,(anonymous_9)
FN:49,(anonymous_10)
FN:52,(anonymous_11)
FN:57,(anonymous_12)
FN:61,(anonymous_13)
FN:64,(anonymous_14)
FN:69,(anonymous_15)
FN:73,(anonymous_16)
FN:76,(anonymous_17)
FN:81,(anonymous_18)
FN:84,(anonymous_19)
FN:87,(anonymous_20)
FNF:21
FNH:10
FNDA:1,(anonymous_0)
FNDA:1,(anonymous_1)
FNDA:0,(anonymous_2)
FNDA:1,(anonymous_3)
FNDA:1,(anonymous_4)
FNDA:0,(anonymous_5)
FNDA:1,(anonymous_6)
FNDA:1,(anonymous_7)
FNDA:0,(anonymous_8)
FNDA:1,(anonymous_9)
FNDA:1,(anonymous_10)
FNDA:0,(anonymous_11)
FNDA:1,(anonymous_12)
FNDA:1,(anonymous_13)
FNDA:0,(anonymous_14)
FNDA:0,(anonymous_15)
FNDA:0,(anonymous_16)
FNDA:0,(anonymous_17)
FNDA:0,(anonymous_18)
FNDA:0,(anonymous_19)
FNDA:0,(anonymous_20)
DA:1,1
DA:2,1
DA:3,1
DA:4,1
DA:5,1
DA:6,1
DA:7,1
DA:9,1
DA:10,1
DA:12,1
DA:14,1
DA:15,1
DA:18,0
DA:22,1
DA:24,1
DA:26,1
DA:28,1
DA:31,0
DA:35,1
DA:36,1
DA:37,1
DA:39,1
DA:42,0
DA:46,1
DA:47,1
DA:48,1
DA:50,1
DA:53,0
DA:57,1
DA:58,1
DA:60,1
DA:62,1
DA:65,0
DA:69,1
DA:70,0
DA:72,0
DA:74,0
DA:77,0
DA:81,1
DA:82,0
DA:83,0
DA:85,0
DA:88,0
LF:43
LH:30
BRF:0
BRH:0
end_of_record
TN:
SF:server/index.js
FN:26,(anonymous_0)
FNF:1
FNH:1
FNDA:1,(anonymous_0)
DA:1,1
DA:2,1
DA:4,1
DA:5,1
DA:6,1
DA:7,1
DA:8,1
DA:10,1
DA:12,1
DA:14,1
DA:16,1
DA:18,1
DA:20,1
DA:22,1
DA:24,1
DA:26,1
DA:27,1
DA:30,1
LF:18
LH:18
BRF:0
BRH:0
end_of_record
TN:
SF:test/add.js
FN:1,add
FNF:1
FNH:1
FNDA:1,add
DA:2,1
DA:4,1
LF:2
LH:2
BRF:0
BRH:0
end_of_record
